<?xml version="1.0" encoding="UTF-8"?>
<!-- Generated by org.testng.reporters.JUnitReportReporter -->
<testsuite hostname="DESKTOP-BMDQDQJ" failures="0" tests="1" name="suite.test.ExcelTest" time="20.326" errors="0" timestamp="04 Dec 2020 11:14:54 GMT" skipped="0">
  <testcase classname="suite.test.ExcelTest" name="abc" time="20.326"/>
</testsuite> <!-- suite.test.ExcelTest -->
