<?xml version="1.0" encoding="UTF-8"?>
<!-- Generated by org.testng.reporters.JUnitReportReporter -->
<testsuite hostname="DESKTOP-BMDQDQJ" failures="0" tests="13" name="suite.test.RegisteredCheckoutTest" time="97.153" errors="0" timestamp="04 Dec 2020 11:29:43 GMT" skipped="12">
  <testcase classname="suite.test.RegisteredCheckoutTest" name="co_1" time="97.153"/>
  <testcase classname="suite.test.RegisteredCheckoutTest" name="co_10">
    <skipped/>
  </testcase> <!-- co_10 -->
  <testcase classname="suite.test.RegisteredCheckoutTest" name="co_12">
    <skipped/>
  </testcase> <!-- co_12 -->
  <testcase classname="suite.test.RegisteredCheckoutTest" name="co_11">
    <skipped/>
  </testcase> <!-- co_11 -->
  <testcase classname="suite.test.RegisteredCheckoutTest" name="co_13">
    <skipped/>
  </testcase> <!-- co_13 -->
  <testcase classname="suite.test.RegisteredCheckoutTest" name="co_3">
    <skipped/>
  </testcase> <!-- co_3 -->
  <testcase classname="suite.test.RegisteredCheckoutTest" name="co_2">
    <skipped/>
  </testcase> <!-- co_2 -->
  <testcase classname="suite.test.RegisteredCheckoutTest" name="co_5">
    <skipped/>
  </testcase> <!-- co_5 -->
  <testcase classname="suite.test.RegisteredCheckoutTest" name="co_4">
    <skipped/>
  </testcase> <!-- co_4 -->
  <testcase classname="suite.test.RegisteredCheckoutTest" name="co_7">
    <skipped/>
  </testcase> <!-- co_7 -->
  <testcase classname="suite.test.RegisteredCheckoutTest" name="co_6">
    <skipped/>
  </testcase> <!-- co_6 -->
  <testcase classname="suite.test.RegisteredCheckoutTest" name="co_9">
    <skipped/>
  </testcase> <!-- co_9 -->
  <testcase classname="suite.test.RegisteredCheckoutTest" name="co_8">
    <skipped/>
  </testcase> <!-- co_8 -->
</testsuite> <!-- suite.test.RegisteredCheckoutTest -->
