<?xml version="1.0" encoding="UTF-8"?>
<!-- Generated by org.testng.reporters.JUnitReportReporter -->
<testsuite hostname="DESKTOP-BMDQDQJ" failures="0" tests="1" name="suite.test.MultiUser" time="6.068" errors="0" timestamp="27 Nov 2020 10:34:03 GMT" skipped="0">
  <testcase classname="suite.test.MultiUser" name="abc" time="6.068"/>
</testsuite> <!-- suite.test.MultiUser -->
