<?xml version="1.0" encoding="UTF-8"?>
<!-- Generated by org.testng.reporters.JUnitReportReporter -->
<testsuite skipped="0" hostname="Amrita_Bhavsar" name="suite.test.MyAccountTest" tests="1" failures="0" timestamp="22 Oct 2020 05:42:48 GMT" time="92.603" errors="0">
  <testcase name="up_1" time="92.603" classname="suite.test.MyAccountTest"/>
</testsuite> <!-- suite.test.MyAccountTest -->
